This is pdfTeX, Version 3.141592653-2.6-1.40.25 (MiKTeX 24.1) (preloaded format=pdflatex 2025.2.3)  8 OCT 2025 19:42
entering extended mode
 restricted \write18 enabled.
 %&-line parsing enabled.
**./03-introduction.tex
(03-introduction.tex
LaTeX2e <2023-11-01> patch level 1
L3 programming layer <2024-01-04>

! LaTeX Error: Missing \begin{document}.

See the LaTeX manual or LaTeX Companion for explanation.
Type  H <return>  for immediate help.
 ...                                              
                                                  
l.1 \begin{center}
                  
You're in trouble here.  Try typing  <return>  to proceed.
If that doesn't work, type  X <return>  to quit.


Overfull \hbox (20.0pt too wide) in paragraph at lines 1--1
[] 
 []

! Undefined control sequence.
<inserted text> \large 
                       –í–í–ï–î–ï–ù–ò–ï
l.2     \MakeUppercase{\large –í–í–ï–î–ï–ù–ò–ï}
                                               
The control sequence at the end of the top line
of your error message was never \def'ed. If you have
misspelled it (e.g., `\hobx'), type `I' and the correct
spelling (e.g., `I\hbox'). Otherwise just continue,
and I'll forget about whatever was undefined.


! LaTeX Error: Unicode character –í (U+0412)
               not set up for use with LaTeX.

See the LaTeX manual or LaTeX Companion for explanation.
Type  H <return>  for immediate help.
 ...                                              
                                                  
l.2     \MakeUppercase{\large –í–í–ï–î–ï–ù–ò–ï}
                                               
You may provide a definition with
\DeclareUnicodeCharacter 


! LaTeX Error: Unicode character –í (U+0412)
               not set up for use with LaTeX.

See the LaTeX manual or LaTeX Companion for explanation.
Type  H <return>  for immediate help.
 ...                                              
                                                  
l.2     \MakeUppercase{\large –í–í–ï–î–ï–ù–ò–ï}
                                               
You may provide a definition with
\DeclareUnicodeCharacter 


! LaTeX Error: Unicode character –ï (U+0415)
               not set up for use with LaTeX.

See the LaTeX manual or LaTeX Companion for explanation.
Type  H <return>  for immediate help.
 ...                                              
                                                  
l.2     \MakeUppercase{\large –í–í–ï–î–ï–ù–ò–ï}
                                               
You may provide a definition with
\DeclareUnicodeCharacter 


! LaTeX Error: Unicode character –î (U+0414)
               not set up for use with LaTeX.

See the LaTeX manual or LaTeX Companion for explanation.
Type  H <return>  for immediate help.
 ...                                              
                                                  
l.2     \MakeUppercase{\large –í–í–ï–î–ï–ù–ò–ï}
                                               
You may provide a definition with
\DeclareUnicodeCharacter 


! LaTeX Error: Unicode character –ï (U+0415)
               not set up for use with LaTeX.

See the LaTeX manual or LaTeX Companion for explanation.
Type  H <return>  for immediate help.
 ...                                              
                                                  
l.2     \MakeUppercase{\large –í–í–ï–î–ï–ù–ò–ï}
                                               
You may provide a definition with
\DeclareUnicodeCharacter 


! LaTeX Error: Unicode character –ù (U+041D)
               not set up for use with LaTeX.

See the LaTeX manual or LaTeX Companion for explanation.
Type  H <return>  for immediate help.
 ...                                              
                                                  
l.2     \MakeUppercase{\large –í–í–ï–î–ï–ù–ò–ï}
                                               
You may provide a definition with
\DeclareUnicodeCharacter 


! LaTeX Error: Unicode character –ò (U+0418)
               not set up for use with LaTeX.

See the LaTeX manual or LaTeX Companion for explanation.
Type  H <return>  for immediate help.
 ...                                              
                                                  
l.2     \MakeUppercase{\large –í–í–ï–î–ï–ù–ò–ï}
                                               
You may provide a definition with
\DeclareUnicodeCharacter 


! LaTeX Error: Unicode character –ï (U+0415)
               not set up for use with LaTeX.

See the LaTeX manual or LaTeX Companion for explanation.
Type  H <return>  for immediate help.
 ...                                              
                                                  
l.2     \MakeUppercase{\large –í–í–ï–î–ï–ù–ò–ï}
                                               
You may provide a definition with
\DeclareUnicodeCharacter 


! LaTeX Error: Unicode character –¢ (U+0422)
               not set up for use with LaTeX.

See the LaTeX manual or LaTeX Companion for explanation.
Type  H <return>  for immediate help.
 ...                                              
                                                  
l.8 –¢
      —Ä—É–±—á–∞—Ç—ã–µ –ø–æ–≤–µ—Ä—Ö–Ω–æ—Å—Ç–∏ –ø—Ä–∏–º–µ–Ω—è—é—Ç—Å—è –¥–ª—è ...

You may provide a definition with
\DeclareUnicodeCharacter 


! LaTeX Error: Unicode character —Ä (U+0440)
               not set up for use with LaTeX.

See the LaTeX manual or LaTeX Companion for explanation.
Type  H <return>  for immediate help.
 ...                                              
                                                  
l.8 –¢—Ä
        —É–±—á–∞—Ç—ã–µ –ø–æ–≤–µ—Ä—Ö–Ω–æ—Å—Ç–∏ –ø—Ä–∏–º–µ–Ω—è—é—Ç—Å—è –¥–ª—è ...

You may provide a definition with
\DeclareUnicodeCharacter 


! LaTeX Error: Unicode character —É (U+0443)
               not set up for use with LaTeX.

See the LaTeX manual or LaTeX Companion for explanation.
Type  H <return>  for immediate help.
 ...                                              
                                                  
l.8 –¢—Ä—É
          –±—á–∞—Ç—ã–µ –ø–æ–≤–µ—Ä—Ö–Ω–æ—Å—Ç–∏ –ø—Ä–∏–º–µ–Ω—è—é—Ç—Å—è –¥–ª—è ...

You may provide a definition with
\DeclareUnicodeCharacter 


! LaTeX Error: Unicode character –± (U+0431)
               not set up for use with LaTeX.

See the LaTeX manual or LaTeX Companion for explanation.
Type  H <return>  for immediate help.
 ...                                              
                                                  
l.8 –¢—Ä—É–±
            —á–∞—Ç—ã–µ –ø–æ–≤–µ—Ä—Ö–Ω–æ—Å—Ç–∏ –ø—Ä–∏–º–µ–Ω—è—é—Ç—Å—è –¥–ª—è ...

You may provide a definition with
\DeclareUnicodeCharacter 


! LaTeX Error: Unicode character —á (U+0447)
               not set up for use with LaTeX.

See the LaTeX manual or LaTeX Companion for explanation.
Type  H <return>  for immediate help.
 ...                                              
                                                  
l.8 –¢—Ä—É–±—á
              –∞—Ç—ã–µ –ø–æ–≤–µ—Ä—Ö–Ω–æ—Å—Ç–∏ –ø—Ä–∏–º–µ–Ω—è—é—Ç—Å—è –¥–ª—è ...

You may provide a definition with
\DeclareUnicodeCharacter 


! LaTeX Error: Unicode character –∞ (U+0430)
               not set up for use with LaTeX.

See the LaTeX manual or LaTeX Companion for explanation.
Type  H <return>  for immediate help.
 ...                                              
                                                  
l.8 –¢—Ä—É–±—á–∞
                —Ç—ã–µ –ø–æ–≤–µ—Ä—Ö–Ω–æ—Å—Ç–∏ –ø—Ä–∏–º–µ–Ω—è—é—Ç—Å—è –¥–ª—è ...

You may provide a definition with
\DeclareUnicodeCharacter 


! LaTeX Error: Unicode character —Ç (U+0442)
               not set up for use with LaTeX.

See the LaTeX manual or LaTeX Companion for explanation.
Type  H <return>  for immediate help.
 ...                                              
                                                  
l.8 –¢—Ä—É–±—á–∞—Ç
                  —ã–µ –ø–æ–≤–µ—Ä—Ö–Ω–æ—Å—Ç–∏ –ø—Ä–∏–º–µ–Ω—è—é—Ç—Å—è –¥–ª—è ...

You may provide a definition with
\DeclareUnicodeCharacter 


! LaTeX Error: Unicode character —ã (U+044B)
               not set up for use with LaTeX.

See the LaTeX manual or LaTeX Companion for explanation.
Type  H <return>  for immediate help.
 ...                                              
                                                  
l.8 –¢—Ä—É–±—á–∞—Ç—ã
                    –µ –ø–æ–≤–µ—Ä—Ö–Ω–æ—Å—Ç–∏ –ø—Ä–∏–º–µ–Ω—è—é—Ç—Å—è –¥–ª—è ...

You may provide a definition with
\DeclareUnicodeCharacter 


! LaTeX Error: Unicode character –µ (U+0435)
               not set up for use with LaTeX.

See the LaTeX manual or LaTeX Companion for explanation.
Type  H <return>  for immediate help.
 ...                                              
                                                  
l.8 –¢—Ä—É–±—á–∞—Ç—ã–µ
                       –ø–æ–≤–µ—Ä—Ö–Ω–æ—Å—Ç–∏ –ø—Ä–∏–º–µ–Ω—è—é—Ç—Å—è –¥–ª—è ...

You may provide a definition with
\DeclareUnicodeCharacter 


! LaTeX Error: Unicode character –ø (U+043F)
               not set up for use with LaTeX.

See the LaTeX manual or LaTeX Companion for explanation.
Type  H <return>  for immediate help.
 ...                                              
                                                  
l.8 –¢—Ä—É–±—á–∞—Ç—ã–µ –ø
                         –æ–≤–µ—Ä—Ö–Ω–æ—Å—Ç–∏ –ø—Ä–∏–º–µ–Ω—è—é—Ç—Å—è –¥–ª—è ...

You may provide a definition with
\DeclareUnicodeCharacter 


! LaTeX Error: Unicode character –æ (U+043E)
               not set up for use with LaTeX.

See the LaTeX manual or LaTeX Companion for explanation.
Type  H <return>  for immediate help.
 ...                                              
                                                  
l.8 –¢—Ä—É–±—á–∞—Ç—ã–µ –ø–æ
                           –≤–µ—Ä—Ö–Ω–æ—Å—Ç–∏ –ø—Ä–∏–º–µ–Ω—è—é—Ç—Å—è –¥–ª—è ...

You may provide a definition with
\DeclareUnicodeCharacter 


! LaTeX Error: Unicode character –≤ (U+0432)
               not set up for use with LaTeX.

See the LaTeX manual or LaTeX Companion for explanation.
Type  H <return>  for immediate help.
 ...                                              
                                                  
l.8 –¢—Ä—É–±—á–∞—Ç—ã–µ –ø–æ–≤
                             –µ—Ä—Ö–Ω–æ—Å—Ç–∏ –ø—Ä–∏–º–µ–Ω—è—é—Ç—Å—è –¥–ª—è ...

You may provide a definition with
\DeclareUnicodeCharacter 


! LaTeX Error: Unicode character –µ (U+0435)
               not set up for use with LaTeX.

See the LaTeX manual or LaTeX Companion for explanation.
Type  H <return>  for immediate help.
 ...                                              
                                                  
l.8 –¢—Ä—É–±—á–∞—Ç—ã–µ –ø–æ–≤–µ
                               —Ä—Ö–Ω–æ—Å—Ç–∏ –ø—Ä–∏–º–µ–Ω—è—é—Ç—Å—è –¥–ª—è ...

You may provide a definition with
\DeclareUnicodeCharacter 


! LaTeX Error: Unicode character —Ä (U+0440)
               not set up for use with LaTeX.

See the LaTeX manual or LaTeX Companion for explanation.
Type  H <return>  for immediate help.
 ...                                              
                                                  
l.8 –¢—Ä—É–±—á–∞—Ç—ã–µ –ø–æ–≤–µ—Ä
                                 —Ö–Ω–æ—Å—Ç–∏ –ø—Ä–∏–º–µ–Ω—è—é—Ç—Å—è –¥–ª—è ...

You may provide a definition with
\DeclareUnicodeCharacter 


! LaTeX Error: Unicode character —Ö (U+0445)
               not set up for use with LaTeX.

See the LaTeX manual or LaTeX Companion for explanation.
Type  H <return>  for immediate help.
 ...                                              
                                                  
l.8 –¢—Ä—É–±—á–∞—Ç—ã–µ –ø–æ–≤–µ—Ä—Ö
                                   –Ω–æ—Å—Ç–∏ –ø—Ä–∏–º–µ–Ω—è—é—Ç—Å—è –¥–ª—è ...

You may provide a definition with
\DeclareUnicodeCharacter 


! LaTeX Error: Unicode character –Ω (U+043D)
               not set up for use with LaTeX.

See the LaTeX manual or LaTeX Companion for explanation.
Type  H <return>  for immediate help.
 ...                                              
                                                  
l.8 –¢—Ä—É–±—á–∞—Ç—ã–µ –ø–æ–≤–µ—Ä—Ö–Ω
                                     –æ—Å—Ç–∏ –ø—Ä–∏–º–µ–Ω—è—é—Ç—Å—è –¥–ª—è ...

You may provide a definition with
\DeclareUnicodeCharacter 


! LaTeX Error: Unicode character –æ (U+043E)
               not set up for use with LaTeX.

See the LaTeX manual or LaTeX Companion for explanation.
Type  H <return>  for immediate help.
 ...                                              
                                                  
l.8 –¢—Ä—É–±—á–∞—Ç—ã–µ –ø–æ–≤–µ—Ä—Ö–Ω–æ
                                       —Å—Ç–∏ –ø—Ä–∏–º–µ–Ω—è—é—Ç—Å—è –¥–ª—è ...

You may provide a definition with
\DeclareUnicodeCharacter 


! LaTeX Error: Unicode character —Å (U+0441)
               not set up for use with LaTeX.

See the LaTeX manual or LaTeX Companion for explanation.
Type  H <return>  for immediate help.
 ...                                              
                                                  
l.8 –¢—Ä—É–±—á–∞—Ç—ã–µ –ø–æ–≤–µ—Ä—Ö–Ω–æ—Å
                                         —Ç–∏ –ø—Ä–∏–º–µ–Ω—è—é—Ç—Å—è –¥–ª—è ...

You may provide a definition with
\DeclareUnicodeCharacter 


! LaTeX Error: Unicode character —Ç (U+0442)
               not set up for use with LaTeX.

See the LaTeX manual or LaTeX Companion for explanation.
Type  H <return>  for immediate help.
 ...                                              
                                                  
l.8 –¢—Ä—É–±—á–∞—Ç—ã–µ –ø–æ–≤–µ—Ä—Ö–Ω–æ—Å—Ç
                                           –∏ –ø—Ä–∏–º–µ–Ω—è—é—Ç—Å—è –¥–ª—è ...

You may provide a definition with
\DeclareUnicodeCharacter 


! LaTeX Error: Unicode character –∏ (U+0438)
               not set up for use with LaTeX.

See the LaTeX manual or LaTeX Companion for explanation.
Type  H <return>  for immediate help.
 ...                                              
                                                  
l.8 –¢—Ä—É–±—á–∞—Ç—ã–µ –ø–æ–≤–µ—Ä—Ö–Ω–æ—Å—Ç–∏
                                              –ø—Ä–∏–º–µ–Ω—è—é—Ç—Å—è –¥–ª—è ...

You may provide a definition with
\DeclareUnicodeCharacter 


! LaTeX Error: Unicode character –ø (U+043F)
               not set up for use with LaTeX.

See the LaTeX manual or LaTeX Companion for explanation.
Type  H <return>  for immediate help.
 ...                                              
                                                  
l.8 –¢—Ä—É–±—á–∞—Ç—ã–µ –ø–æ–≤–µ—Ä—Ö–Ω–æ—Å—Ç–∏ –ø
                                                —Ä–∏–º–µ–Ω—è—é—Ç—Å—è –¥–ª—è ...

You may provide a definition with
\DeclareUnicodeCharacter 


! LaTeX Error: Unicode character —Ä (U+0440)
               not set up for use with LaTeX.

See the LaTeX manual or LaTeX Companion for explanation.
Type  H <return>  for immediate help.
 ...                                              
                                                  
l.8 –¢—Ä—É–±—á–∞—Ç—ã–µ –ø–æ–≤–µ—Ä—Ö–Ω–æ—Å—Ç–∏ –ø—Ä
                                                  –∏–º–µ–Ω—è—é—Ç—Å—è –¥–ª—è ...

You may provide a definition with
\DeclareUnicodeCharacter 


! LaTeX Error: Unicode character –∏ (U+0438)
               not set up for use with LaTeX.

See the LaTeX manual or LaTeX Companion for explanation.
Type  H <return>  for immediate help.
 ...                                              
                                                  
l.8 ...É–±—á–∞—Ç—ã–µ –ø–æ–≤–µ—Ä—Ö–Ω–æ—Å—Ç–∏ –ø—Ä–∏
                                                  –º–µ–Ω—è—é—Ç—Å—è –¥–ª—è –º...

You may provide a definition with
\DeclareUnicodeCharacter 


! LaTeX Error: Unicode character –º (U+043C)
               not set up for use with LaTeX.

See the LaTeX manual or LaTeX Companion for explanation.
Type  H <return>  for immediate help.
 ...                                              
                                                  
l.8 ...±—á–∞—Ç—ã–µ –ø–æ–≤–µ—Ä—Ö–Ω–æ—Å—Ç–∏ –ø—Ä–∏–º
                                                  –µ–Ω—è—é—Ç—Å—è –¥–ª—è –º–æ...

You may provide a definition with
\DeclareUnicodeCharacter 


! LaTeX Error: Unicode character –µ (U+0435)
               not set up for use with LaTeX.

See the LaTeX manual or LaTeX Companion for explanation.
Type  H <return>  for immediate help.
 ...                                              
                                                  
l.8 ...á–∞—Ç—ã–µ –ø–æ–≤–µ—Ä—Ö–Ω–æ—Å—Ç–∏ –ø—Ä–∏–º–µ
                                                  –Ω—è—é—Ç—Å—è –¥–ª—è –º–æ–¥...

You may provide a definition with
\DeclareUnicodeCharacter 


! LaTeX Error: Unicode character –Ω (U+043D)
               not set up for use with LaTeX.

See the LaTeX manual or LaTeX Companion for explanation.
Type  H <return>  for immediate help.
 ...                                              
                                                  
l.8 ...∞—Ç—ã–µ –ø–æ–≤–µ—Ä—Ö–Ω–æ—Å—Ç–∏ –ø—Ä–∏–º–µ–Ω
                                                  —è—é—Ç—Å—è –¥–ª—è –º–æ–¥–µ...

You may provide a definition with
\DeclareUnicodeCharacter 


! LaTeX Error: Unicode character —è (U+044F)
               not set up for use with LaTeX.

See the LaTeX manual or LaTeX Companion for explanation.
Type  H <return>  for immediate help.
 ...                                              
                                                  
l.8 ...Ç—ã–µ –ø–æ–≤–µ—Ä—Ö–Ω–æ—Å—Ç–∏ –ø—Ä–∏–º–µ–Ω—è
                                                  —é—Ç—Å—è –¥–ª—è –º–æ–¥–µ–ª...

You may provide a definition with
\DeclareUnicodeCharacter 


! LaTeX Error: Unicode character —é (U+044E)
               not set up for use with LaTeX.

See the LaTeX manual or LaTeX Companion for explanation.
Type  H <return>  for immediate help.
 ...                                              
                                                  
l.8 ...ã–µ –ø–æ–≤–µ—Ä—Ö–Ω–æ—Å—Ç–∏ –ø—Ä–∏–º–µ–Ω—è—é
                                                  —Ç—Å—è –¥–ª—è –º–æ–¥–µ–ª–∏...

You may provide a definition with
\DeclareUnicodeCharacter 


! LaTeX Error: Unicode character —Ç (U+0442)
               not set up for use with LaTeX.

See the LaTeX manual or LaTeX Companion for explanation.
Type  H <return>  for immediate help.
 ...                                              
                                                  
l.8 ...µ –ø–æ–≤–µ—Ä—Ö–Ω–æ—Å—Ç–∏ –ø—Ä–∏–º–µ–Ω—è—é—Ç
                                                  —Å—è –¥–ª—è –º–æ–¥–µ–ª–∏—Ä...

You may provide a definition with
\DeclareUnicodeCharacter 


! LaTeX Error: Unicode character —Å (U+0441)
               not set up for use with LaTeX.

See the LaTeX manual or LaTeX Companion for explanation.
Type  H <return>  for immediate help.
 ...                                              
                                                  
l.8 ...–ø–æ–≤–µ—Ä—Ö–Ω–æ—Å—Ç–∏ –ø—Ä–∏–º–µ–Ω—è—é—Ç—Å
                                                  —è –¥–ª—è –º–æ–¥–µ–ª–∏—Ä–æ...

You may provide a definition with
\DeclareUnicodeCharacter 


! LaTeX Error: Unicode character —è (U+044F)
               not set up for use with LaTeX.

See the LaTeX manual or LaTeX Companion for explanation.
Type  H <return>  for immediate help.
 ...                                              
                                                  
l.8 ...–æ–≤–µ—Ä—Ö–Ω–æ—Å—Ç–∏ –ø—Ä–∏–º–µ–Ω—è—é—Ç—Å—è
                                                   –¥–ª—è –º–æ–¥–µ–ª–∏—Ä–æ–≤...

You may provide a definition with
\DeclareUnicodeCharacter 


! LaTeX Error: Unicode character –¥ (U+0434)
               not set up for use with LaTeX.

See the LaTeX manual or LaTeX Companion for explanation.
Type  H <return>  for immediate help.
 ...                                              
                                                  
l.8 ...≤–µ—Ä—Ö–Ω–æ—Å—Ç–∏ –ø—Ä–∏–º–µ–Ω—è—é—Ç—Å—è –¥
                                                  –ª—è –º–æ–¥–µ–ª–∏—Ä–æ–≤–∞–...

You may provide a definition with
\DeclareUnicodeCharacter 


! LaTeX Error: Unicode character –ª (U+043B)
               not set up for use with LaTeX.

See the LaTeX manual or LaTeX Companion for explanation.
Type  H <return>  for immediate help.
 ...                                              
                                                  
l.8 ...µ—Ä—Ö–Ω–æ—Å—Ç–∏ –ø—Ä–∏–º–µ–Ω—è—é—Ç—Å—è –¥–ª
                                                  —è –º–æ–¥–µ–ª–∏—Ä–æ–≤–∞–Ω–...

You may provide a definition with
\DeclareUnicodeCharacter 


! LaTeX Error: Unicode character —è (U+044F)
               not set up for use with LaTeX.

See the LaTeX manual or LaTeX Companion for explanation.
Type  H <return>  for immediate help.
 ...                                              
                                                  
l.8 ...Ä—Ö–Ω–æ—Å—Ç–∏ –ø—Ä–∏–º–µ–Ω—è—é—Ç—Å—è –¥–ª—è
                                                   –º–æ–¥–µ–ª–∏—Ä–æ–≤–∞–Ω–∏—...

You may provide a definition with
\DeclareUnicodeCharacter 


! LaTeX Error: Unicode character –º (U+043C)
               not set up for use with LaTeX.

See the LaTeX manual or LaTeX Companion for explanation.
Type  H <return>  for immediate help.
 ...                                              
                                                  
l.8 ...–Ω–æ—Å—Ç–∏ –ø—Ä–∏–º–µ–Ω—è—é—Ç—Å—è –¥–ª—è –º
                                                  –æ–¥–µ–ª–∏—Ä–æ–≤–∞–Ω–∏—è –...

You may provide a definition with
\DeclareUnicodeCharacter 


! LaTeX Error: Unicode character –æ (U+043E)
               not set up for use with LaTeX.

See the LaTeX manual or LaTeX Companion for explanation.
Type  H <return>  for immediate help.
 ...                                              
                                                  
l.8 ...–æ—Å—Ç–∏ –ø—Ä–∏–º–µ–Ω—è—é—Ç—Å—è –¥–ª—è –º–æ
                                                  –¥–µ–ª–∏—Ä–æ–≤–∞–Ω–∏—è –æ–...

You may provide a definition with
\DeclareUnicodeCharacter 


! LaTeX Error: Unicode character –¥ (U+0434)
               not set up for use with LaTeX.

See the LaTeX manual or LaTeX Companion for explanation.
Type  H <return>  for immediate help.
 ...                                              
                                                  
l.8 ...—Å—Ç–∏ –ø—Ä–∏–º–µ–Ω—è—é—Ç—Å—è –¥–ª—è –º–æ–¥
                                                  –µ–ª–∏—Ä–æ–≤–∞–Ω–∏—è –æ–±—...

You may provide a definition with
\DeclareUnicodeCharacter 


! LaTeX Error: Unicode character –µ (U+0435)
               not set up for use with LaTeX.

See the LaTeX manual or LaTeX Companion for explanation.
Type  H <return>  for immediate help.
 ...                                              
                                                  
l.8 ...—Ç–∏ –ø—Ä–∏–º–µ–Ω—è—é—Ç—Å—è –¥–ª—è –º–æ–¥–µ
                                                  –ª–∏—Ä–æ–≤–∞–Ω–∏—è –æ–±—ä–...

You may provide a definition with
\DeclareUnicodeCharacter 


! LaTeX Error: Unicode character –ª (U+043B)
               not set up for use with LaTeX.

See the LaTeX manual or LaTeX Companion for explanation.
Type  H <return>  for immediate help.
 ...                                              
                                                  
l.8 ...–∏ –ø—Ä–∏–º–µ–Ω—è—é—Ç—Å—è –¥–ª—è –º–æ–¥–µ–ª
                                                  –∏—Ä–æ–≤–∞–Ω–∏—è –æ–±—ä–µ–...

You may provide a definition with
\DeclareUnicodeCharacter 


! LaTeX Error: Unicode character –∏ (U+0438)
               not set up for use with LaTeX.

See the LaTeX manual or LaTeX Companion for explanation.
Type  H <return>  for immediate help.
 ...                                              
                                                  
l.8 ... –ø—Ä–∏–º–µ–Ω—è—é—Ç—Å—è –¥–ª—è –º–æ–¥–µ–ª–∏
                                                  —Ä–æ–≤–∞–Ω–∏—è –æ–±—ä–µ–∫—...

You may provide a definition with
\DeclareUnicodeCharacter 


! LaTeX Error: Unicode character —Ä (U+0440)
               not set up for use with LaTeX.

See the LaTeX manual or LaTeX Companion for explanation.
Type  H <return>  for immediate help.
 ...                                              
                                                  
l.8 ...ø—Ä–∏–º–µ–Ω—è—é—Ç—Å—è –¥–ª—è –º–æ–¥–µ–ª–∏—Ä
                                                  –æ–≤–∞–Ω–∏—è –æ–±—ä–µ–∫—Ç–...

You may provide a definition with
\DeclareUnicodeCharacter 


! LaTeX Error: Unicode character –æ (U+043E)
               not set up for use with LaTeX.

See the LaTeX manual or LaTeX Companion for explanation.
Type  H <return>  for immediate help.
 ...                                              
                                                  
l.8 ...Ä–∏–º–µ–Ω—è—é—Ç—Å—è –¥–ª—è –º–æ–¥–µ–ª–∏—Ä–æ
                                                  –≤–∞–Ω–∏—è –æ–±—ä–µ–∫—Ç–æ–...

You may provide a definition with
\DeclareUnicodeCharacter 


! LaTeX Error: Unicode character –≤ (U+0432)
               not set up for use with LaTeX.

See the LaTeX manual or LaTeX Companion for explanation.
Type  H <return>  for immediate help.
 ...                                              
                                                  
l.8 ...∏–º–µ–Ω—è—é—Ç—Å—è –¥–ª—è –º–æ–¥–µ–ª–∏—Ä–æ–≤
                                                  –∞–Ω–∏—è –æ–±—ä–µ–∫—Ç–æ–≤ ...

You may provide a definition with
\DeclareUnicodeCharacter 


! LaTeX Error: Unicode character –∞ (U+0430)
               not set up for use with LaTeX.

See the LaTeX manual or LaTeX Companion for explanation.
Type  H <return>  for immediate help.
 ...                                              
                                                  
l.8 ...º–µ–Ω—è—é—Ç—Å—è –¥–ª—è –º–æ–¥–µ–ª–∏—Ä–æ–≤–∞
                                                  –Ω–∏—è –æ–±—ä–µ–∫—Ç–æ–≤ –≤...

You may provide a definition with
\DeclareUnicodeCharacter 


! LaTeX Error: Unicode character –Ω (U+043D)
               not set up for use with LaTeX.

See the LaTeX manual or LaTeX Companion for explanation.
Type  H <return>  for immediate help.
 ...                                              
                                                  
l.8 ...µ–Ω—è—é—Ç—Å—è –¥–ª—è –º–æ–¥–µ–ª–∏—Ä–æ–≤–∞–Ω
                                                  –∏—è –æ–±—ä–µ–∫—Ç–æ–≤ –≤ —...

You may provide a definition with
\DeclareUnicodeCharacter 


! LaTeX Error: Unicode character –∏ (U+0438)
               not set up for use with LaTeX.

See the LaTeX manual or LaTeX Companion for explanation.
Type  H <return>  for immediate help.
 ...                                              
                                                  
l.8 ...Ω—è—é—Ç—Å—è –¥–ª—è –º–æ–¥–µ–ª–∏—Ä–æ–≤–∞–Ω–∏
                                                  —è –æ–±—ä–µ–∫—Ç–æ–≤ –≤ —Å–...

You may provide a definition with
\DeclareUnicodeCharacter 


! LaTeX Error: Unicode character —è (U+044F)
               not set up for use with LaTeX.

See the LaTeX manual or LaTeX Companion for explanation.
Type  H <return>  for immediate help.
 ...                                              
                                                  
l.8 ...è—é—Ç—Å—è –¥–ª—è –º–æ–¥–µ–ª–∏—Ä–æ–≤–∞–Ω–∏—è
                                                   –æ–±—ä–µ–∫—Ç–æ–≤ –≤ —Å–∏—...

You may provide a definition with
\DeclareUnicodeCharacter 


! LaTeX Error: Unicode character –æ (U+043E)
               not set up for use with LaTeX.

See the LaTeX manual or LaTeX Companion for explanation.
Type  H <return>  for immediate help.
 ...                                              
                                                  
l.8 ...—Ç—Å—è –¥–ª—è –º–æ–¥–µ–ª–∏—Ä–æ–≤–∞–Ω–∏—è –æ
                                                  –±—ä–µ–∫—Ç–æ–≤ –≤ —Å–∏—Å—Ç...

You may provide a definition with
\DeclareUnicodeCharacter 


! LaTeX Error: Unicode character –± (U+0431)
               not set up for use with LaTeX.

See the LaTeX manual or LaTeX Companion for explanation.
Type  H <return>  for immediate help.
 ...                                              
                                                  
l.8 ...—Å—è –¥–ª—è –º–æ–¥–µ–ª–∏—Ä–æ–≤–∞–Ω–∏—è –æ–±
                                                  —ä–µ–∫—Ç–æ–≤ –≤ —Å–∏—Å—Ç–µ...

You may provide a definition with
\DeclareUnicodeCharacter 


! LaTeX Error: Unicode character —ä (U+044A)
               not set up for use with LaTeX.

See the LaTeX manual or LaTeX Companion for explanation.
Type  H <return>  for immediate help.
 ...                                              
                                                  
l.8 ...—è –¥–ª—è –º–æ–¥–µ–ª–∏—Ä–æ–≤–∞–Ω–∏—è –æ–±—ä
                                                  –µ–∫—Ç–æ–≤ –≤ —Å–∏—Å—Ç–µ–º...

You may provide a definition with
\DeclareUnicodeCharacter 


! LaTeX Error: Unicode character –µ (U+0435)
               not set up for use with LaTeX.

See the LaTeX manual or LaTeX Companion for explanation.
Type  H <return>  for immediate help.
 ...                                              
                                                  
l.8 ... –¥–ª—è –º–æ–¥–µ–ª–∏—Ä–æ–≤–∞–Ω–∏—è –æ–±—ä–µ
                                                  –∫—Ç–æ–≤ –≤ —Å–∏—Å—Ç–µ–º–∞...

You may provide a definition with
\DeclareUnicodeCharacter 


! LaTeX Error: Unicode character –∫ (U+043A)
               not set up for use with LaTeX.

See the LaTeX manual or LaTeX Companion for explanation.
Type  H <return>  for immediate help.
 ...                                              
                                                  
l.8 ...¥–ª—è –º–æ–¥–µ–ª–∏—Ä–æ–≤–∞–Ω–∏—è –æ–±—ä–µ–∫
                                                  —Ç–æ–≤ –≤ —Å–∏—Å—Ç–µ–º–∞—Ö...

You may provide a definition with
\DeclareUnicodeCharacter 


! LaTeX Error: Unicode character —Ç (U+0442)
               not set up for use with LaTeX.

See the LaTeX manual or LaTeX Companion for explanation.
Type  H <return>  for immediate help.
 ...                                              
                                                  
l.8 ...ª—è –º–æ–¥–µ–ª–∏—Ä–æ–≤–∞–Ω–∏—è –æ–±—ä–µ–∫—Ç
                                                  –æ–≤ –≤ —Å–∏—Å—Ç–µ–º–∞—Ö –...

You may provide a definition with
\DeclareUnicodeCharacter 


! LaTeX Error: Unicode character –æ (U+043E)
               not set up for use with LaTeX.

See the LaTeX manual or LaTeX Companion for explanation.
Type  H <return>  for immediate help.
 ...                                              
                                                  
l.8 ...è –º–æ–¥–µ–ª–∏—Ä–æ–≤–∞–Ω–∏—è –æ–±—ä–µ–∫—Ç–æ
                                                  –≤ –≤ —Å–∏—Å—Ç–µ–º–∞—Ö –∞–...

You may provide a definition with
\DeclareUnicodeCharacter 


! LaTeX Error: Unicode character –≤ (U+0432)
               not set up for use with LaTeX.

See the LaTeX manual or LaTeX Companion for explanation.
Type  H <return>  for immediate help.
 ...                                              
                                                  
l.8 ...–º–æ–¥–µ–ª–∏—Ä–æ–≤–∞–Ω–∏—è –æ–±—ä–µ–∫—Ç–æ–≤
                                                   –≤ —Å–∏—Å—Ç–µ–º–∞—Ö –∞–≤—...

You may provide a definition with
\DeclareUnicodeCharacter 


! LaTeX Error: Unicode character –≤ (U+0432)
               not set up for use with LaTeX.

See the LaTeX manual or LaTeX Companion for explanation.
Type  H <return>  for immediate help.
 ...                                              
                                                  
l.8 ...æ–¥–µ–ª–∏—Ä–æ–≤–∞–Ω–∏—è –æ–±—ä–µ–∫—Ç–æ–≤ –≤
                                                   —Å–∏—Å—Ç–µ–º–∞—Ö –∞–≤—Ç–æ...

You may provide a definition with
\DeclareUnicodeCharacter 


! LaTeX Error: Unicode character —Å (U+0441)
               not set up for use with LaTeX.

See the LaTeX manual or LaTeX Companion for explanation.
Type  H <return>  for immediate help.
 ...                                              
                                                  
l.8 ...–µ–ª–∏—Ä–æ–≤–∞–Ω–∏—è –æ–±—ä–µ–∫—Ç–æ–≤ –≤ —Å
                                                  –∏—Å—Ç–µ–º–∞—Ö –∞–≤—Ç–æ–º–...

You may provide a definition with
\DeclareUnicodeCharacter 


! LaTeX Error: Unicode character –∏ (U+0438)
               not set up for use with LaTeX.

See the LaTeX manual or LaTeX Companion for explanation.
Type  H <return>  for immediate help.
 ...                                              
                                                  
l.8 ...–ª–∏—Ä–æ–≤–∞–Ω–∏—è –æ–±—ä–µ–∫—Ç–æ–≤ –≤ —Å–∏
                                                  —Å—Ç–µ–º–∞—Ö –∞–≤—Ç–æ–º–∞—...

You may provide a definition with
\DeclareUnicodeCharacter 


! LaTeX Error: Unicode character —Å (U+0441)
               not set up for use with LaTeX.

See the LaTeX manual or LaTeX Companion for explanation.
Type  H <return>  for immediate help.
 ...                                              
                                                  
l.8 ...–∏—Ä–æ–≤–∞–Ω–∏—è –æ–±—ä–µ–∫—Ç–æ–≤ –≤ —Å–∏—Å
                                                  —Ç–µ–º–∞—Ö –∞–≤—Ç–æ–º–∞—Ç–...

You may provide a definition with
\DeclareUnicodeCharacter 


! LaTeX Error: Unicode character —Ç (U+0442)
               not set up for use with LaTeX.

See the LaTeX manual or LaTeX Companion for explanation.
Type  H <return>  for immediate help.
 ...                                              
                                                  
l.8 ...—Ä–æ–≤–∞–Ω–∏—è –æ–±—ä–µ–∫—Ç–æ–≤ –≤ —Å–∏—Å—Ç
                                                  –µ–º–∞—Ö –∞–≤—Ç–æ–º–∞—Ç–∏–...

You may provide a definition with
\DeclareUnicodeCharacter 


! LaTeX Error: Unicode character –µ (U+0435)
               not set up for use with LaTeX.

See the LaTeX manual or LaTeX Companion for explanation.
Type  H <return>  for immediate help.
 ...                                              
                                                  
l.8 ...–æ–≤–∞–Ω–∏—è –æ–±—ä–µ–∫—Ç–æ–≤ –≤ —Å–∏—Å—Ç–µ
                                                  –º–∞—Ö –∞–≤—Ç–æ–º–∞—Ç–∏–∑–...

You may provide a definition with
\DeclareUnicodeCharacter 


! LaTeX Error: Unicode character –º (U+043C)
               not set up for use with LaTeX.

See the LaTeX manual or LaTeX Companion for explanation.
Type  H <return>  for immediate help.
 ...                                              
                                                  
l.8 ...–≤–∞–Ω–∏—è –æ–±—ä–µ–∫—Ç–æ–≤ –≤ —Å–∏—Å—Ç–µ–º
                                                  –∞—Ö –∞–≤—Ç–æ–º–∞—Ç–∏–∑–∏—...

You may provide a definition with
\DeclareUnicodeCharacter 


! LaTeX Error: Unicode character –∞ (U+0430)
               not set up for use with LaTeX.

See the LaTeX manual or LaTeX Companion for explanation.
Type  H <return>  for immediate help.
 ...                                              
                                                  
l.8 ...–∞–Ω–∏—è –æ–±—ä–µ–∫—Ç–æ–≤ –≤ —Å–∏—Å—Ç–µ–º–∞
                                                  —Ö –∞–≤—Ç–æ–º–∞—Ç–∏–∑–∏—Ä–...

You may provide a definition with
\DeclareUnicodeCharacter 


! LaTeX Error: Unicode character —Ö (U+0445)
               not set up for use with LaTeX.

See the LaTeX manual or LaTeX Companion for explanation.
Type  H <return>  for immediate help.
 ...                                              
                                                  
l.8 ...–Ω–∏—è –æ–±—ä–µ–∫—Ç–æ–≤ –≤ —Å–∏—Å—Ç–µ–º–∞—Ö
                                                   –∞–≤—Ç–æ–º–∞—Ç–∏–∑–∏—Ä–æ–...

You may provide a definition with
\DeclareUnicodeCharacter 


! LaTeX Error: Unicode character –∞ (U+0430)
               not set up for use with LaTeX.

See the LaTeX manual or LaTeX Companion for explanation.
Type  H <return>  for immediate help.
 ...                                              
                                                  
l.8 ...∏—è –æ–±—ä–µ–∫—Ç–æ–≤ –≤ —Å–∏—Å—Ç–µ–º–∞—Ö –∞
                                                  –≤—Ç–æ–º–∞—Ç–∏–∑–∏—Ä–æ–≤–∞...

You may provide a definition with
\DeclareUnicodeCharacter 


! LaTeX Error: Unicode character –≤ (U+0432)
               not set up for use with LaTeX.

See the LaTeX manual or LaTeX Companion for explanation.
Type  H <return>  for immediate help.
 ...                                              
                                                  
l.8 ...è –æ–±—ä–µ–∫—Ç–æ–≤ –≤ —Å–∏—Å—Ç–µ–º–∞—Ö –∞–≤
                                                  —Ç–æ–º–∞—Ç–∏–∑–∏—Ä–æ–≤–∞–Ω...

You may provide a definition with
\DeclareUnicodeCharacter 


! LaTeX Error: Unicode character —Ç (U+0442)
               not set up for use with LaTeX.

See the LaTeX manual or LaTeX Companion for explanation.
Type  H <return>  for immediate help.
 ...                                              
                                                  
l.8 ...–æ–±—ä–µ–∫—Ç–æ–≤ –≤ —Å–∏—Å—Ç–µ–º–∞—Ö –∞–≤—Ç
                                                  –æ–º–∞—Ç–∏–∑–∏—Ä–æ–≤–∞–Ω–Ω...

You may provide a definition with
\DeclareUnicodeCharacter 


! LaTeX Error: Unicode character –æ (U+043E)
               not set up for use with LaTeX.

See the LaTeX manual or LaTeX Companion for explanation.
Type  H <return>  for immediate help.
 ...                                              
                                                  
l.8 ...–±—ä–µ–∫—Ç–æ–≤ –≤ —Å–∏—Å—Ç–µ–º–∞—Ö –∞–≤—Ç–æ
                                                  –º–∞—Ç–∏–∑–∏—Ä–æ–≤–∞–Ω–Ω–æ...

You may provide a definition with
\DeclareUnicodeCharacter 


! LaTeX Error: Unicode character –º (U+043C)
               not set up for use with LaTeX.

See the LaTeX manual or LaTeX Companion for explanation.
Type  H <return>  for immediate help.
 ...                                              
                                                  
l.8 ...—ä–µ–∫—Ç–æ–≤ –≤ —Å–∏—Å—Ç–µ–º–∞—Ö –∞–≤—Ç–æ–º
                                                  –∞—Ç–∏–∑–∏—Ä–æ–≤–∞–Ω–Ω–æ–≥...

You may provide a definition with
\DeclareUnicodeCharacter 


! LaTeX Error: Unicode character –∞ (U+0430)
               not set up for use with LaTeX.

See the LaTeX manual or LaTeX Companion for explanation.
Type  H <return>  for immediate help.
 ...                                              
                                                  
l.8 ...–µ–∫—Ç–æ–≤ –≤ —Å–∏—Å—Ç–µ–º–∞—Ö –∞–≤—Ç–æ–º–∞
                                                  —Ç–∏–∑–∏—Ä–æ–≤–∞–Ω–Ω–æ–≥–æ...

You may provide a definition with
\DeclareUnicodeCharacter 


! LaTeX Error: Unicode character —Ç (U+0442)
               not set up for use with LaTeX.

See the LaTeX manual or LaTeX Companion for explanation.
Type  H <return>  for immediate help.
 ...                                              
                                                  
l.8 ...–∫—Ç–æ–≤ –≤ —Å–∏—Å—Ç–µ–º–∞—Ö –∞–≤—Ç–æ–º–∞—Ç
                                                  –∏–∑–∏—Ä–æ–≤–∞–Ω–Ω–æ–≥–æ –...

You may provide a definition with
\DeclareUnicodeCharacter 


! LaTeX Error: Unicode character –∏ (U+0438)
               not set up for use with LaTeX.

See the LaTeX manual or LaTeX Companion for explanation.
Type  H <return>  for immediate help.
 ...                                              
                                                  
l.8 ...—Ç–æ–≤ –≤ —Å–∏—Å—Ç–µ–º–∞—Ö –∞–≤—Ç–æ–º–∞—Ç–∏
                                                  –∑–∏—Ä–æ–≤–∞–Ω–Ω–æ–≥–æ –ø—...

You may provide a definition with
\DeclareUnicodeCharacter 


! LaTeX Error: Unicode character –∑ (U+0437)
               not set up for use with LaTeX.

See the LaTeX manual or LaTeX Companion for explanation.
Type  H <return>  for immediate help.
 ...                                              
                                                  
l.8 ...–æ–≤ –≤ —Å–∏—Å—Ç–µ–º–∞—Ö –∞–≤—Ç–æ–º–∞—Ç–∏–∑
                                                  –∏—Ä–æ–≤–∞–Ω–Ω–æ–≥–æ –ø—Ä–...

You may provide a definition with
\DeclareUnicodeCharacter 


! LaTeX Error: Unicode character –∏ (U+0438)
               not set up for use with LaTeX.

See the LaTeX manual or LaTeX Companion for explanation.
Type  H <return>  for immediate help.
 ...                                              
                                                  
l.8 ...–≤ –≤ —Å–∏—Å—Ç–µ–º–∞—Ö –∞–≤—Ç–æ–º–∞—Ç–∏–∑–∏
                                                  —Ä–æ–≤–∞–Ω–Ω–æ–≥–æ –ø—Ä–æ–...

You may provide a definition with
\DeclareUnicodeCharacter 


! LaTeX Error: Unicode character —Ä (U+0440)
               not set up for use with LaTeX.

See the LaTeX manual or LaTeX Companion for explanation.
Type  H <return>  for immediate help.
 ...                                              
                                                  
l.8 ... –≤ —Å–∏—Å—Ç–µ–º–∞—Ö –∞–≤—Ç–æ–º–∞—Ç–∏–∑–∏—Ä
                                                  –æ–≤–∞–Ω–Ω–æ–≥–æ –ø—Ä–æ–µ–...

You may provide a definition with
\DeclareUnicodeCharacter 


! LaTeX Error: Unicode character –æ (U+043E)
               not set up for use with LaTeX.

See the LaTeX manual or LaTeX Companion for explanation.
Type  H <return>  for immediate help.
 ...                                              
                                                  
l.8 ...≤ —Å–∏—Å—Ç–µ–º–∞—Ö –∞–≤—Ç–æ–º–∞—Ç–∏–∑–∏—Ä–æ
                                                  –≤–∞–Ω–Ω–æ–≥–æ –ø—Ä–æ–µ–∫—...

You may provide a definition with
\DeclareUnicodeCharacter 


! LaTeX Error: Unicode character –≤ (U+0432)
               not set up for use with LaTeX.

See the LaTeX manual or LaTeX Companion for explanation.
Type  H <return>  for immediate help.
 ...                                              
                                                  
l.8 ...—Å–∏—Å—Ç–µ–º–∞—Ö –∞–≤—Ç–æ–º–∞—Ç–∏–∑–∏—Ä–æ–≤
                                                  –∞–Ω–Ω–æ–≥–æ –ø—Ä–æ–µ–∫—Ç–...

You may provide a definition with
\DeclareUnicodeCharacter 


! LaTeX Error: Unicode character –∞ (U+0430)
               not set up for use with LaTeX.

See the LaTeX manual or LaTeX Companion for explanation.
Type  H <return>  for immediate help.
 ...                                              
                                                  
l.8 ...–∏—Å—Ç–µ–º–∞—Ö –∞–≤—Ç–æ–º–∞—Ç–∏–∑–∏—Ä–æ–≤–∞
                                                  –Ω–Ω–æ–≥–æ –ø—Ä–æ–µ–∫—Ç–∏—...

You may provide a definition with
\DeclareUnicodeCharacter 


! LaTeX Error: Unicode character –Ω (U+043D)
               not set up for use with LaTeX.

See the LaTeX manual or LaTeX Companion for explanation.
Type  H <return>  for immediate help.
 ...                                              
                                                  
l.8 ...—Å—Ç–µ–º–∞—Ö –∞–≤—Ç–æ–º–∞—Ç–∏–∑–∏—Ä–æ–≤–∞–Ω
                                                  –Ω–æ–≥–æ –ø—Ä–æ–µ–∫—Ç–∏—Ä–...

You may provide a definition with
\DeclareUnicodeCharacter 


! LaTeX Error: Unicode character –Ω (U+043D)
               not set up for use with LaTeX.

See the LaTeX manual or LaTeX Companion for explanation.
Type  H <return>  for immediate help.
 ...                                              
                                                  
l.8 ...—Ç–µ–º–∞—Ö –∞–≤—Ç–æ–º–∞—Ç–∏–∑–∏—Ä–æ–≤–∞–Ω–Ω
                                                  –æ–≥–æ –ø—Ä–æ–µ–∫—Ç–∏—Ä–æ–...

You may provide a definition with
\DeclareUnicodeCharacter 


! LaTeX Error: Unicode character –æ (U+043E)
               not set up for use with LaTeX.

See the LaTeX manual or LaTeX Companion for explanation.
Type  H <return>  for immediate help.
 ...                                              
                                                  
l.8 ...–µ–º–∞—Ö –∞–≤—Ç–æ–º–∞—Ç–∏–∑–∏—Ä–æ–≤–∞–Ω–Ω–æ
                                                  –≥–æ –ø—Ä–æ–µ–∫—Ç–∏—Ä–æ–≤–...

You may provide a definition with
\DeclareUnicodeCharacter 


! LaTeX Error: Unicode character –≥ (U+0433)
               not set up for use with LaTeX.

See the LaTeX manual or LaTeX Companion for explanation.
Type  H <return>  for immediate help.
 ...                                              
                                                  
l.8 ...–º–∞—Ö –∞–≤—Ç–æ–º–∞—Ç–∏–∑–∏—Ä–æ–≤–∞–Ω–Ω–æ–≥
                                                  –æ –ø—Ä–æ–µ–∫—Ç–∏—Ä–æ–≤–∞–...

You may provide a definition with
\DeclareUnicodeCharacter 


! LaTeX Error: Unicode character –æ (U+043E)
               not set up for use with LaTeX.

See the LaTeX manual or LaTeX Companion for explanation.
Type  H <return>  for immediate help.
 ...                                              
                                                  
l.8 ...–∞—Ö –∞–≤—Ç–æ–º–∞—Ç–∏–∑–∏—Ä–æ–≤–∞–Ω–Ω–æ–≥–æ
                                                   –ø—Ä–æ–µ–∫—Ç–∏—Ä–æ–≤–∞–Ω–...

You may provide a definition with
\DeclareUnicodeCharacter 


! LaTeX Error: Unicode character –ø (U+043F)
               not set up for use with LaTeX.

See the LaTeX manual or LaTeX Companion for explanation.
Type  H <return>  for immediate help.
 ...                                              
                                                  
l.8 ...Ö –∞–≤—Ç–æ–º–∞—Ç–∏–∑–∏—Ä–æ–≤–∞–Ω–Ω–æ–≥–æ –ø
                                                  —Ä–æ–µ–∫—Ç–∏—Ä–æ–≤–∞–Ω–∏—è...

You may provide a definition with
\DeclareUnicodeCharacter 


! LaTeX Error: Unicode character —Ä (U+0440)
               not set up for use with LaTeX.

See the LaTeX manual or LaTeX Companion for explanation.
Type  H <return>  for immediate help.
 ...                                              
                                                  
l.8 ...–∞–≤—Ç–æ–º–∞—Ç–∏–∑–∏—Ä–æ–≤–∞–Ω–Ω–æ–≥–æ –ø—Ä
                                                  –æ–µ–∫—Ç–∏—Ä–æ–≤–∞–Ω–∏—è, ...

You may provide a definition with
\DeclareUnicodeCharacter 


! LaTeX Error: Unicode character –æ (U+043E)
               not set up for use with LaTeX.

See the LaTeX manual or LaTeX Companion for explanation.
Type  H <return>  for immediate help.
 ...                                              
                                                  
l.8 ...–≤—Ç–æ–º–∞—Ç–∏–∑–∏—Ä–æ–≤–∞–Ω–Ω–æ–≥–æ –ø—Ä–æ
                                                  –µ–∫—Ç–∏—Ä–æ–≤–∞–Ω–∏—è, –º...

You may provide a definition with
\DeclareUnicodeCharacter 


! LaTeX Error: Unicode character –µ (U+0435)
               not set up for use with LaTeX.

See the LaTeX manual or LaTeX Companion for explanation.
Type  H <return>  for immediate help.
 ...                                              
                                                  
l.8 ...—Ç–æ–º–∞—Ç–∏–∑–∏—Ä–æ–≤–∞–Ω–Ω–æ–≥–æ –ø—Ä–æ–µ
                                                  –∫—Ç–∏—Ä–æ–≤–∞–Ω–∏—è, –º–µ...

You may provide a definition with
\DeclareUnicodeCharacter 


! LaTeX Error: Unicode character –∫ (U+043A)
               not set up for use with LaTeX.

See the LaTeX manual or LaTeX Companion for explanation.
Type  H <return>  for immediate help.
 ...                                              
                                                  
l.8 ...–æ–º–∞—Ç–∏–∑–∏—Ä–æ–≤–∞–Ω–Ω–æ–≥–æ –ø—Ä–æ–µ–∫
                                                  —Ç–∏—Ä–æ–≤–∞–Ω–∏—è, –º–µ–¥...

You may provide a definition with
\DeclareUnicodeCharacter 


! LaTeX Error: Unicode character —Ç (U+0442)
               not set up for use with LaTeX.

See the LaTeX manual or LaTeX Companion for explanation.
Type  H <return>  for immediate help.
 ...                                              
                                                  
l.8 ...–º–∞—Ç–∏–∑–∏—Ä–æ–≤–∞–Ω–Ω–æ–≥–æ –ø—Ä–æ–µ–∫—Ç
                                                  –∏—Ä–æ–≤–∞–Ω–∏—è, –º–µ–¥–∏...

You may provide a definition with
\DeclareUnicodeCharacter 


! LaTeX Error: Unicode character –∏ (U+0438)
               not set up for use with LaTeX.

See the LaTeX manual or LaTeX Companion for explanation.
Type  H <return>  for immediate help.
 ...                                              
                                                  
l.8 ...–∞—Ç–∏–∑–∏—Ä–æ–≤–∞–Ω–Ω–æ–≥–æ –ø—Ä–æ–µ–∫—Ç–∏
                                                  —Ä–æ–≤–∞–Ω–∏—è, –º–µ–¥–∏—Ü...

You may provide a definition with
\DeclareUnicodeCharacter 


! LaTeX Error: Unicode character —Ä (U+0440)
               not set up for use with LaTeX.

See the LaTeX manual or LaTeX Companion for explanation.
Type  H <return>  for immediate help.
 ...                                              
                                                  
l.8 ...—Ç–∏–∑–∏—Ä–æ–≤–∞–Ω–Ω–æ–≥–æ –ø—Ä–æ–µ–∫—Ç–∏—Ä
                                                  –æ–≤–∞–Ω–∏—è, –º–µ–¥–∏—Ü–∏...

You may provide a definition with
\DeclareUnicodeCharacter 


! LaTeX Error: Unicode character –æ (U+043E)
               not set up for use with LaTeX.

See the LaTeX manual or LaTeX Companion for explanation.
Type  H <return>  for immediate help.
 ...                                              
                                                  
l.8 ...–∏–∑–∏—Ä–æ–≤–∞–Ω–Ω–æ–≥–æ –ø—Ä–æ–µ–∫—Ç–∏—Ä–æ
                                                  –≤–∞–Ω–∏—è, –º–µ–¥–∏—Ü–∏–Ω...

You may provide a definition with
\DeclareUnicodeCharacter 


! LaTeX Error: Unicode character –≤ (U+0432)
               not set up for use with LaTeX.

See the LaTeX manual or LaTeX Companion for explanation.
Type  H <return>  for immediate help.
 ...                                              
                                                  
l.8 ...–∑–∏—Ä–æ–≤–∞–Ω–Ω–æ–≥–æ –ø—Ä–æ–µ–∫—Ç–∏—Ä–æ–≤
                                                  –∞–Ω–∏—è, –º–µ–¥–∏—Ü–∏–Ω—Å...

You may provide a definition with
\DeclareUnicodeCharacter 


! LaTeX Error: Unicode character –∞ (U+0430)
               not set up for use with LaTeX.

See the LaTeX manual or LaTeX Companion for explanation.
Type  H <return>  for immediate help.
 ...                                              
                                                  
l.8 ...–∏—Ä–æ–≤–∞–Ω–Ω–æ–≥–æ –ø—Ä–æ–µ–∫—Ç–∏—Ä–æ–≤–∞
                                                  –Ω–∏—è, –º–µ–¥–∏—Ü–∏–Ω—Å–∫...

You may provide a definition with
\DeclareUnicodeCharacter 


! LaTeX Error: Unicode character –Ω (U+043D)
               not set up for use with LaTeX.

See the LaTeX manual or LaTeX Companion for explanation.
Type  H <return>  for immediate help.
 ...                                              
                                                  
l.8 ...—Ä–æ–≤–∞–Ω–Ω–æ–≥–æ –ø—Ä–æ–µ–∫—Ç–∏—Ä–æ–≤–∞–Ω
                                                  –∏—è, –º–µ–¥–∏—Ü–∏–Ω—Å–∫–æ...

You may provide a definition with
\DeclareUnicodeCharacter 


! LaTeX Error: Unicode character –∏ (U+0438)
               not set up for use with LaTeX.

See the LaTeX manual or LaTeX Companion for explanation.
Type  H <return>  for immediate help.
 ...                                              
                                                  
l.8 ...–æ–≤–∞–Ω–Ω–æ–≥–æ –ø—Ä–æ–µ–∫—Ç–∏—Ä–æ–≤–∞–Ω–∏
                                                  —è, –º–µ–¥–∏—Ü–∏–Ω—Å–∫–æ–π...

You may provide a definition with
\DeclareUnicodeCharacter 


! LaTeX Error: Unicode character —è (U+044F)
               not set up for use with LaTeX.

See the LaTeX manual or LaTeX Companion for explanation.
Type  H <return>  for immediate help.
 ...                                              
                                                  
l.8 ...–≤–∞–Ω–Ω–æ–≥–æ –ø—Ä–æ–µ–∫—Ç–∏—Ä–æ–≤–∞–Ω–∏—è
                                                  , –º–µ–¥–∏—Ü–∏–Ω—Å–∫–æ–π –...

You may provide a definition with
\DeclareUnicodeCharacter 

Missing character: There is no , in font nullfont!

! LaTeX Error: Unicode character –º (U+043C)
               not set up for use with LaTeX.

See the LaTeX manual or LaTeX Companion for explanation.
Type  H <return>  for immediate help.
 ...                                              
                                                  
l.8 ...–Ω–Ω–æ–≥–æ –ø—Ä–æ–µ–∫—Ç–∏—Ä–æ–≤–∞–Ω–∏—è, –º
                                                  –µ–¥–∏—Ü–∏–Ω—Å–∫–æ–π –≤–∏–...

You may provide a definition with
\DeclareUnicodeCharacter 


! LaTeX Error: Unicode character –µ (U+0435)
               not set up for use with LaTeX.

See the LaTeX manual or LaTeX Companion for explanation.
Type  H <return>  for immediate help.
 ...                                              
                                                  
l.8 ...–Ω–æ–≥–æ –ø—Ä–æ–µ–∫—Ç–∏—Ä–æ–≤–∞–Ω–∏—è, –º–µ
                                                  –¥–∏—Ü–∏–Ω—Å–∫–æ–π –≤–∏–∑—...

You may provide a definition with
\DeclareUnicodeCharacter 


! LaTeX Error: Unicode character –¥ (U+0434)
               not set up for use with LaTeX.

See the LaTeX manual or LaTeX Companion for explanation.
Type  H <return>  for immediate help.
 ...                                              
                                                  
l.8 ...–æ–≥–æ –ø—Ä–æ–µ–∫—Ç–∏—Ä–æ–≤–∞–Ω–∏—è, –º–µ–¥
                                                  –∏—Ü–∏–Ω—Å–∫–æ–π –≤–∏–∑—É–...
(That makes 100 errors; please try again.) 
Here is how much of TeX's memory you used:
 51 strings out of 474486
 891 string characters out of 5757348
 1924542 words of memory out of 5000000
 22436 multiletter control sequences out of 15000+600000
 558069 words of font info for 36 fonts, out of 8000000 for 9000
 1141 hyphenation exceptions out of 8191
 25i,1n,47p,618b,78s stack positions out of 10000i,1000n,20000p,200000b,200000s

!  ==> Fatal error occurred, no output PDF file produced!
