\BOOKMARK [1][-]{Doc-Start}{\376\377\004\022\004\022\004\025\004\024\004\025\004\035\004\030\004\025}{}% 1
\BOOKMARK [1][-]{section.1}{\376\377\004\020\004\075\004\060\004\073\004\070\004\102\004\070\004\107\004\065\004\101\004\072\004\060\004\117\000\040\004\107\004\060\004\101\004\102\004\114}{}% 2
\BOOKMARK [2][-]{subsection.1.1}{\376\377\004\037\004\076\004\101\004\102\004\060\004\075\004\076\004\062\004\072\004\060\000\040\004\067\004\060\004\064\004\060\004\107\004\070}{section.1}% 3
\BOOKMARK [2][-]{subsection.1.2}{\376\377\004\044\004\076\004\100\004\074\004\060\004\073\004\070\004\067\004\060\004\106\004\070\004\117\000\040\004\064\004\060\004\075\004\075\004\113\004\105}{section.1}% 4
\BOOKMARK [2][-]{subsection.1.3}{\376\377\004\022\004\113\004\061\004\076\004\100\000\040\004\074\004\076\004\064\004\065\004\073\004\070\000\040\004\064\004\060\004\075\004\075\004\113\004\105}{section.1}% 5
\BOOKMARK [3][-]{subsubsection.1.3.1}{\376\377\004\040\004\065\004\073\004\117\004\106\004\070\004\076\004\075\004\075\004\060\004\117\000\040\004\074\004\076\004\064\004\065\004\073\004\114}{subsection.1.3}% 6
\BOOKMARK [3][-]{subsubsection.1.3.2}{\376\377\004\024\004\076\004\072\004\103\004\074\004\065\004\075\004\102\004\076\000-\004\076\004\100\004\070\004\065\004\075\004\102\004\070\004\100\004\076\004\062\004\060\004\075\004\075\004\060\004\117\000\040\004\074\004\076\004\064\004\065\004\073\004\114}{subsection.1.3}% 7
\BOOKMARK [3][-]{subsubsection.1.3.3}{\376\377\004\021\004\060\004\067\004\060\000\040\004\064\004\060\004\075\004\075\004\113\004\105\000\040\004\062\004\100\004\065\004\074\004\065\004\075\004\075\004\113\004\105\000\040\004\100\004\117\004\064\004\076\004\062}{subsection.1.3}% 8
\BOOKMARK [3][-]{subsubsection.1.3.4}{\376\377\004\036\004\061\004\112\004\065\004\072\004\102\004\075\004\076\000-\004\076\004\100\004\070\004\065\004\075\004\102\004\070\004\100\004\076\004\062\004\060\004\075\004\075\004\060\004\117\000\040\004\074\004\076\004\064\004\065\004\073\004\114}{subsection.1.3}% 9
\BOOKMARK [3][-]{subsubsection.1.3.5}{\376\377\004\023\004\100\004\060\004\104\004\076\004\062\004\113\004\065\000\040\004\061\004\060\004\067\004\113\000\040\004\064\004\060\004\075\004\075\004\113\004\105}{subsection.1.3}% 10
\BOOKMARK [2][-]{subsection.1.4}{\376\377\004\022\004\113\004\061\004\076\004\100\000\040\004\101\004\070\004\101\004\102\004\065\004\074\004\113\000\040\004\103\004\077\004\100\004\060\004\062\004\073\004\065\004\075\004\070\004\117\000\040\004\061\004\060\004\067\004\060\004\074\004\070\000\040\004\064\004\060\004\075\004\075\004\113\004\105}{section.1}% 11
\BOOKMARK [2][-]{subsection.1.5}{\376\377\004\022\004\113\004\062\004\076\004\064}{section.1}% 12
\BOOKMARK [1][-]{section.2}{\376\377\004\032\004\076\004\075\004\101\004\102\004\100\004\103\004\072\004\102\004\076\004\100\004\101\004\072\004\060\004\117\000\040\004\107\004\060\004\101\004\102\004\114}{}% 13
\BOOKMARK [2][-]{subsection.2.1}{\376\377\004\037\004\100\004\076\004\065\004\072\004\102\004\070\004\100\004\076\004\062\004\060\004\075\004\070\004\065\000\040\004\061\004\060\004\067\004\113\000\040\004\064\004\060\004\075\004\075\004\113\004\105}{section.2}% 14
\BOOKMARK [3][-]{subsubsection.2.1.1}{\376\377\004\042\004\060\004\061\004\073\004\070\004\106\004\113\000\040\004\061\004\060\004\067\004\113\000\040\004\064\004\060\004\075\004\075\004\113\004\105}{subsection.2.1}% 15
\BOOKMARK [3][-]{subsubsection.2.1.2}{\376\377\004\045\004\100\004\060\004\075\004\070\004\074\004\113\004\065\000\040\004\077\004\100\004\076\004\106\004\065\004\064\004\103\004\100\004\113\000\040\004\070\000\040\004\104\004\103\004\075\004\072\004\106\004\070\004\070}{subsection.2.1}% 16
\BOOKMARK [3][-]{subsubsection.2.1.3}{\376\377\004\042\004\100\004\070\004\063\004\063\004\065\004\100\004\113\000\040\004\061\004\060\004\067\004\113\000\040\004\064\004\060\004\075\004\075\004\113\004\105}{subsection.2.1}% 17
\BOOKMARK [2][-]{subsection.2.2}{\376\377\004\022\004\113\004\062\004\076\004\064}{section.2}% 18
\BOOKMARK [1][-]{section.3}{\376\377\004\042\004\065\004\105\004\075\004\076\004\073\004\076\004\063\004\070\004\107\004\065\004\101\004\072\004\060\004\117\000\040\004\107\004\060\004\101\004\102\004\114}{}% 19
\BOOKMARK [2][-]{subsection.3.1}{\376\377\004\020\004\075\004\060\004\073\004\070\004\067\000\040\004\101\004\070\004\101\004\102\004\065\004\074\000\040\004\103\004\077\004\100\004\060\004\062\004\073\004\065\004\075\004\070\004\117\000\040\004\061\004\060\004\067\004\060\004\074\004\070\000\040\004\064\004\060\004\075\004\075\004\113\004\105}{section.3}% 20
\BOOKMARK [3][-]{subsubsection.3.1.1}{\376\377\004\022\004\113\004\061\004\076\004\100\000\040\004\041\004\043\004\021\004\024\000\040\004\064\004\073\004\117\000\040\004\100\004\065\004\110\004\065\004\075\004\070\004\117\000\040\004\067\004\060\004\064\004\060\004\107\004\070}{subsection.3.1}% 21
\BOOKMARK [2][-]{subsection.3.2}{\376\377\004\022\004\113\004\061\004\076\004\100\000\040\004\101\004\100\004\065\004\064\004\101\004\102\004\062\000\040\004\100\004\065\004\060\004\073\004\070\004\067\004\060\004\106\004\070\004\070}{section.3}% 22
\BOOKMARK [2][-]{subsection.3.3}{\376\377\004\024\004\065\004\102\004\060\004\073\004\070\000\040\004\100\004\065\004\060\004\073\004\070\004\067\004\060\004\106\004\070\004\070}{section.3}% 23
\BOOKMARK [3][-]{subsubsection.3.3.1}{\376\377\004\041\004\076\004\067\004\064\004\060\004\075\004\070\004\065\000\040\004\102\004\060\004\061\004\073\004\070\004\106}{subsection.3.3}% 24
\BOOKMARK [3][-]{subsubsection.3.3.2}{\376\377\004\045\004\100\004\060\004\075\004\070\004\074\004\113\004\065\000\040\004\077\004\100\004\076\004\106\004\065\004\064\004\103\004\100\004\113\000\040\004\070\000\040\004\104\004\103\004\075\004\072\004\106\004\070\004\070}{subsection.3.3}% 25
\BOOKMARK [3][-]{subsubsection.3.3.3}{\376\377\004\042\004\100\004\070\004\063\004\063\004\065\004\100\004\113\000\040\004\061\004\060\004\067\004\113\000\040\004\064\004\060\004\075\004\075\004\113\004\105}{subsection.3.3}% 26
\BOOKMARK [2][-]{subsection.3.4}{\376\377\004\037\004\100\004\070\004\074\004\065\004\100\000\040\004\100\004\060\004\061\004\076\004\102\004\113\000\040\004\077\004\100\004\076\004\063\004\100\004\060\004\074\004\074\004\113}{section.3}% 27
\BOOKMARK [2][-]{subsection.3.5}{\376\377\004\022\004\113\004\062\004\076\004\064}{section.3}% 28
\BOOKMARK [1][-]{section.4}{\376\377\004\030\004\101\004\101\004\073\004\065\004\064\004\076\004\062\004\060\004\102\004\065\004\073\004\114\004\101\004\072\004\060\004\117\000\040\004\107\004\060\004\101\004\102\004\114}{}% 29
\BOOKMARK [2][-]{subsection.4.1}{\376\377\004\042\004\065\004\105\004\075\004\070\004\107\004\065\004\101\004\072\004\070\004\065\000\040\004\105\004\060\004\100\004\060\004\072\004\102\004\065\004\100\004\070\004\101\004\102\004\070\004\072\004\070}{section.4}% 30
\BOOKMARK [2][-]{subsection.4.2}{\376\377\004\027\004\060\004\074\004\065\004\100\004\113\000\040\004\062\004\100\004\065\004\074\004\065\004\075\004\070\000\040\004\062\004\113\004\077\004\076\004\073\004\075\004\065\004\075\004\070\004\117\000\040\004\064\004\065\004\104\004\076\004\100\004\074\004\060\004\106\004\070\004\070\000\040\004\062\000\040\004\067\004\060\004\062\004\070\004\101\004\070\004\074\004\076\004\101\004\102\004\070\000\040\004\076\004\102\000\040\004\072\004\076\004\073\004\070\004\107\004\065\004\101\004\102\004\062\004\060\000\040\004\101\004\065\004\107\004\065\004\075\004\070\004\071}{section.4}% 31
\BOOKMARK [2][-]{subsection.4.3}{\376\377\004\027\004\060\004\074\004\065\004\100\004\113\000\040\004\062\004\100\004\065\004\074\004\065\004\075\004\070\000\040\004\062\004\113\004\077\004\076\004\073\004\075\004\065\004\075\004\070\004\117\000\040\004\064\004\065\004\104\004\076\004\100\004\074\004\060\004\106\004\070\004\070\000\040\004\062\000\040\004\067\004\060\004\062\004\070\004\101\004\070\004\074\004\076\004\101\004\102\004\070\000\040\004\076\004\102\000\040\004\072\004\076\004\073\004\070\004\107\004\065\004\101\004\102\004\062\004\060\000\040\004\102\004\076\004\107\004\065\004\072}{section.4}% 32
\BOOKMARK [2][-]{subsection.4.4}{\376\377\004\022\004\113\004\062\004\076\004\064}{section.4}% 33
\BOOKMARK [1][-]{subsection.4.4}{\376\377\004\027\004\020\004\032\004\033\004\056\004\047\004\025\004\035\004\030\004\025}{}% 34
\BOOKMARK [1][-]{Item.20}{\376\377\004\041\004\037\004\030\004\041\004\036\004\032\000\040\004\030\004\041\004\037\004\036\004\033\004\054\004\027\004\036\004\022\004\020\004\035\004\035\004\053\004\045\000\040\004\030\004\041\004\042\004\036\004\047\004\035\004\030\004\032\004\036\004\022}{}% 35
